<?xml version="1.0" encoding="UTF-8"?>
<testsuite xmlns:xsi="http://www.w3.org/2001/XMLSchema-instance" xsi:noNamespaceSchemaLocation="https://maven.apache.org/surefire/maven-surefire-plugin/xsd/surefire-test-report-3.0.xsd" version="3.0" name="com.internship.tool.ToolApplicationTests" time="4.698" tests="1" errors="0" skipped="0" failures="0">
  <properties>
[...]
</properties>
  <testcase name="contextLoads" classname="com.internship.tool.ToolApplicationTests" time="0.017">
    <system-out><![CDATA[2026-04-29T04:50:17.870-07:00  INFO 27828 --- [           main] t.c.s.AnnotationConfigContextLoaderUtils : Could not detect default configuration classes for test class [com.internship.tool.ToolApplicationTests]: ToolApplicationTests does not declare any static, non-private, non-final, nested classes annotated with @Configuration.
2026-04-29T04:50:17.888-07:00  INFO 27828 --- [           main] .b.t.c.SpringBootTestContextBootstrapper : Found @SpringBootConfiguration com.internship.tool.ToolApplication for test class com.internship.tool.ToolApplicationTests

  .   ____          _            __ _ _
 /\\ / ___'_ __ _ _(_)_ __  __ _ \ \ \ \
( ( )\___ | '_ | '_| | '_ \/ _` | \ \ \ \
 \\/  ___)| |_)| | | | | || (_| |  ) ) ) )
  '  |____| .__|_| |_|_| |_\__, | / / / /
 =========|_|==============|___/=/_/_/_/
 :: Spring Boot ::                (v3.2.0)

2026-04-29T04:50:18.075-07:00  INFO 27828 --- [           main] c.internship.tool.ToolApplicationTests   : Starting ToolApplicationTests using Java 17.0.18 with PID 27828 (started by Darshan in C:\Users\Darshan\Desktop\sentineliq-unified-command-centre\backend\tool)
2026-04-29T04:50:18.076-07:00  INFO 27828 --- [           main] c.internship.tool.ToolApplicationTests   : No active profile set, falling back to 1 default profile: "default"
2026-04-29T04:50:19.273-07:00  INFO 27828 --- [           main] .s.d.r.c.RepositoryConfigurationDelegate : Bootstrapping Spring Data JPA repositories in DEFAULT mode.
2026-04-29T04:50:19.317-07:00  INFO 27828 --- [           main] .s.d.r.c.RepositoryConfigurationDelegate : Finished Spring Data repository scanning in 44 ms. Found 4 JPA repository interfaces.
2026-04-29T04:50:19.703-07:00  INFO 27828 --- [           main] com.zaxxer.hikari.HikariDataSource       : HikariPool-2 - Starting...
2026-04-29T04:50:19.971-07:00  INFO 27828 --- [           main] com.zaxxer.hikari.pool.HikariPool        : HikariPool-2 - Added connection org.postgresql.jdbc.PgConnection@472d201
2026-04-29T04:50:19.972-07:00  INFO 27828 --- [           main] com.zaxxer.hikari.HikariDataSource       : HikariPool-2 - Start completed.
2026-04-29T04:50:19.989-07:00  INFO 27828 --- [           main] org.flywaydb.core.FlywayExecutor         : Database: jdbc:postgresql://localhost:5432/tooldb (PostgreSQL 16.13)
2026-04-29T04:50:19.994-07:00  WARN 27828 --- [           main] o.f.c.internal.database.base.Database    : Flyway upgrade recommended: PostgreSQL 16.13 is newer than this version of Flyway and support has not been tested. The latest supported version of PostgreSQL is 15.
2026-04-29T04:50:20.014-07:00  INFO 27828 --- [           main] o.f.core.internal.command.DbValidate     : Successfully validated 3 migrations (execution time 00:00.015s)
2026-04-29T04:50:20.337-07:00  INFO 27828 --- [           main] o.f.core.internal.command.DbMigrate      : Current version of schema "public": 3
2026-04-29T04:50:20.338-07:00  INFO 27828 --- [           main] o.f.core.internal.command.DbMigrate      : Schema "public" is up to date. No migration necessary.
2026-04-29T04:50:20.438-07:00  INFO 27828 --- [           main] o.hibernate.jpa.internal.util.LogHelper  : HHH000204: Processing PersistenceUnitInfo [name: default]
2026-04-29T04:50:20.457-07:00  INFO 27828 --- [           main] o.h.c.internal.RegionFactoryInitiator    : HHH000026: Second-level cache disabled
2026-04-29T04:50:20.481-07:00  INFO 27828 --- [           main] o.s.o.j.p.SpringPersistenceUnitInfo      : No LoadTimeWeaver setup: ignoring JPA class transformer
2026-04-29T04:50:20.747-07:00  INFO 27828 --- [           main] o.h.e.t.j.p.i.JtaPlatformInitiator       : HHH000489: No JTA platform available (set 'hibernate.transaction.jta.platform' to enable JTA platform integration)
2026-04-29T04:50:20.865-07:00  INFO 27828 --- [           main] j.LocalContainerEntityManagerFactoryBean : Initialized JPA EntityManagerFactory for persistence unit 'default'
2026-04-29T04:50:21.652-07:00  WARN 27828 --- [           main] JpaBaseConfiguration$JpaWebConfiguration : spring.jpa.open-in-view is enabled by default. Therefore, database queries may be performed during view rendering. Explicitly configure spring.jpa.open-in-view to disable this warning
2026-04-29T04:50:21.708-07:00  WARN 27828 --- [           main] .s.s.UserDetailsServiceAutoConfiguration : 

Using generated security password: 4aaf670f-2b45-4483-bc6a-59b5f519d3fd

This generated password is for development use only. Your security configuration must be updated before running your application in production.

2026-04-29T04:50:21.974-07:00  INFO 27828 --- [           main] o.s.s.web.DefaultSecurityFilterChain     : Will secure any request with [org.springframework.security.web.session.DisableEncodeUrlFilter@5bee88e3, org.springframework.security.web.context.request.async.WebAsyncManagerIntegrationFilter@2dd25088, org.springframework.security.web.context.SecurityContextHolderFilter@337f6716, org.springframework.security.web.header.HeaderWriterFilter@57404a8d, org.springframework.web.filter.CorsFilter@586f1bef, org.springframework.security.web.authentication.logout.LogoutFilter@65c2610f, com.internship.tool.security.JwtFilter@60e83cb9, org.springframework.security.web.savedrequest.RequestCacheAwareFilter@4734a551, org.springframework.security.web.servletapi.SecurityContextHolderAwareRequestFilter@780ccdc9, org.springframework.security.web.authentication.AnonymousAuthenticationFilter@546ab02b, org.springframework.security.web.access.ExceptionTranslationFilter@427faf19, org.springframework.security.web.access.intercept.AuthorizationFilter@1942a960]
2026-04-29T04:50:22.542-07:00  INFO 27828 --- [           main] c.internship.tool.ToolApplicationTests   : Started ToolApplicationTests in 4.643 seconds (process running for 26.716)
]]></system-out>
  </testcase>
</testsuite>