<?xml version="1.0" encoding="UTF-8"?>
<testsuite xmlns:xsi="http://www.w3.org/2001/XMLSchema-instance" xsi:noNamespaceSchemaLocation="https://maven.apache.org/surefire/maven-surefire-plugin/xsd/surefire-test-report-3.0.xsd" version="3.0" name="com.internship.tool.controller.ItemControllerTest" time="20.556" tests="11" errors="0" skipped="0" failures="3">
  <properties>
[...]
</properties>
  <testcase name="testUpdate_AsViewer_ReturnsForbidden" classname="com.internship.tool.controller.ItemControllerTest" time="0.568">
    <system-out><![CDATA[04:49:57.781 [main] INFO org.springframework.test.context.support.AnnotationConfigContextLoaderUtils -- Could not detect default configuration classes for test class [com.internship.tool.controller.ItemControllerTest]: ItemControllerTest does not declare any static, non-private, non-final, nested classes annotated with @Configuration.
04:49:58.153 [main] INFO org.springframework.boot.test.context.SpringBootTestContextBootstrapper -- Found @SpringBootConfiguration com.internship.tool.ToolApplication for test class com.internship.tool.controller.ItemControllerTest

  .   ____          _            __ _ _
 /\\ / ___'_ __ _ _(_)_ __  __ _ \ \ \ \
( ( )\___ | '_ | '_| | '_ \/ _` | \ \ \ \
 \\/  ___)| |_)| | | | | || (_| |  ) ) ) )
  '  |____| .__|_| |_|_| |_\__, | / / / /
 =========|_|==============|___/=/_/_/_/
 :: Spring Boot ::                (v3.2.0)

2026-04-29T04:49:59.373-07:00  INFO 27828 --- [           main] c.i.tool.controller.ItemControllerTest   : Starting ItemControllerTest using Java 17.0.18 with PID 27828 (started by Darshan in C:\Users\Darshan\Desktop\sentineliq-unified-command-centre\backend\tool)
2026-04-29T04:49:59.377-07:00  INFO 27828 --- [           main] c.i.tool.controller.ItemControllerTest   : No active profile set, falling back to 1 default profile: "default"
2026-04-29T04:50:01.484-07:00  INFO 27828 --- [           main] .s.d.r.c.RepositoryConfigurationDelegate : Bootstrapping Spring Data JPA repositories in DEFAULT mode.
2026-04-29T04:50:01.711-07:00  INFO 27828 --- [           main] .s.d.r.c.RepositoryConfigurationDelegate : Finished Spring Data repository scanning in 203 ms. Found 4 JPA repository interfaces.
2026-04-29T04:50:06.226-07:00  INFO 27828 --- [           main] com.zaxxer.hikari.HikariDataSource       : HikariPool-1 - Starting...
2026-04-29T04:50:07.004-07:00  INFO 27828 --- [           main] com.zaxxer.hikari.pool.HikariPool        : HikariPool-1 - Added connection org.postgresql.jdbc.PgConnection@308a9264
2026-04-29T04:50:07.008-07:00  INFO 27828 --- [           main] com.zaxxer.hikari.HikariDataSource       : HikariPool-1 - Start completed.
2026-04-29T04:50:07.322-07:00  INFO 27828 --- [           main] o.f.c.internal.license.VersionPrinter    : Flyway Community Edition 9.22.3 by Redgate
2026-04-29T04:50:07.324-07:00  INFO 27828 --- [           main] o.f.c.internal.license.VersionPrinter    : See release notes here: https://rd.gt/416ObMi
2026-04-29T04:50:07.324-07:00  INFO 27828 --- [           main] o.f.c.internal.license.VersionPrinter    : 
2026-04-29T04:50:07.386-07:00  INFO 27828 --- [           main] org.flywaydb.core.FlywayExecutor         : Database: jdbc:postgresql://localhost:5432/tooldb (PostgreSQL 16.13)
2026-04-29T04:50:07.421-07:00  WARN 27828 --- [           main] o.f.c.internal.database.base.Database    : Flyway upgrade recommended: PostgreSQL 16.13 is newer than this version of Flyway and support has not been tested. The latest supported version of PostgreSQL is 15.
2026-04-29T04:50:07.558-07:00  INFO 27828 --- [           main] o.f.core.internal.command.DbValidate     : Successfully validated 3 migrations (execution time 00:00.102s)
2026-04-29T04:50:07.747-07:00  INFO 27828 --- [           main] o.f.core.internal.command.DbMigrate      : Current version of schema "public": 3
2026-04-29T04:50:07.755-07:00  INFO 27828 --- [           main] o.f.core.internal.command.DbMigrate      : Schema "public" is up to date. No migration necessary.
2026-04-29T04:50:08.157-07:00  INFO 27828 --- [           main] o.hibernate.jpa.internal.util.LogHelper  : HHH000204: Processing PersistenceUnitInfo [name: default]
2026-04-29T04:50:08.412-07:00  INFO 27828 --- [           main] org.hibernate.Version                    : HHH000412: Hibernate ORM core version 6.3.1.Final
2026-04-29T04:50:08.569-07:00  INFO 27828 --- [           main] o.h.c.internal.RegionFactoryInitiator    : HHH000026: Second-level cache disabled
2026-04-29T04:50:09.051-07:00  INFO 27828 --- [           main] o.s.o.j.p.SpringPersistenceUnitInfo      : No LoadTimeWeaver setup: ignoring JPA class transformer
2026-04-29T04:50:12.247-07:00  INFO 27828 --- [           main] o.h.e.t.j.p.i.JtaPlatformInitiator       : HHH000489: No JTA platform available (set 'hibernate.transaction.jta.platform' to enable JTA platform integration)
2026-04-29T04:50:12.487-07:00  INFO 27828 --- [           main] j.LocalContainerEntityManagerFactoryBean : Initialized JPA EntityManagerFactory for persistence unit 'default'
2026-04-29T04:50:14.257-07:00  WARN 27828 --- [           main] JpaBaseConfiguration$JpaWebConfiguration : spring.jpa.open-in-view is enabled by default. Therefore, database queries may be performed during view rendering. Explicitly configure spring.jpa.open-in-view to disable this warning
2026-04-29T04:50:14.324-07:00  WARN 27828 --- [           main] .s.s.UserDetailsServiceAutoConfiguration : 

Using generated security password: 9812fd0e-7397-4bc6-85f6-aef38b9fb8fa

This generated password is for development use only. Your security configuration must be updated before running your application in production.

2026-04-29T04:50:15.206-07:00  INFO 27828 --- [           main] o.s.s.web.DefaultSecurityFilterChain     : Will secure any request with [org.springframework.security.web.session.DisableEncodeUrlFilter@77eb76f, org.springframework.security.web.context.request.async.WebAsyncManagerIntegrationFilter@be56353, org.springframework.security.web.context.SecurityContextHolderFilter@1ced1fb9, org.springframework.security.web.header.HeaderWriterFilter@138a51d5, org.springframework.web.filter.CorsFilter@5c815478, org.springframework.security.web.authentication.logout.LogoutFilter@4c3125ff, com.internship.tool.security.JwtFilter@253379ec, org.springframework.security.web.savedrequest.RequestCacheAwareFilter@4d2bcca8, org.springframework.security.web.servletapi.SecurityContextHolderAwareRequestFilter@4587675c, org.springframework.security.web.authentication.AnonymousAuthenticationFilter@1efa258e, org.springframework.security.web.access.ExceptionTranslationFilter@2d6abfc7, org.springframework.security.web.access.intercept.AuthorizationFilter@3b9d85c2]
2026-04-29T04:50:16.461-07:00  INFO 27828 --- [           main] o.s.b.t.m.w.SpringBootMockServletContext : Initializing Spring TestDispatcherServlet ''
2026-04-29T04:50:16.462-07:00  INFO 27828 --- [           main] o.s.t.web.servlet.TestDispatcherServlet  : Initializing Servlet ''
2026-04-29T04:50:16.466-07:00  INFO 27828 --- [           main] o.s.t.web.servlet.TestDispatcherServlet  : Completed initialization in 3 ms
2026-04-29T04:50:16.529-07:00  INFO 27828 --- [           main] c.i.tool.controller.ItemControllerTest   : Started ItemControllerTest in 17.936 seconds (process running for 20.703)
2026-04-29T04:50:16.810-07:00  WARN 27828 --- [           main] o.s.w.s.h.HandlerMappingIntrospector     : Cache miss for REQUEST dispatch to '/api/items/1' (previous null). Performing CorsConfiguration lookup. This is logged once only at WARN level, and every time at TRACE.
]]></system-out>
  </testcase>
  <testcase name="testCreate_ReturnsOk" classname="com.internship.tool.controller.ItemControllerTest" time="0.211"/>
  <testcase name="testSearch_ReturnsOk" classname="com.internship.tool.controller.ItemControllerTest" time="0.092">
    <failure message="Status expected:&lt;200&gt; but was:&lt;500&gt;" type="java.lang.AssertionError"><![CDATA[java.lang.AssertionError: Status expected:<200> but was:<500>
	at org.springframework.test.util.AssertionErrors.fail(AssertionErrors.java:59)
	at org.springframework.test.util.AssertionErrors.assertEquals(AssertionErrors.java:122)
	at org.springframework.test.web.servlet.result.StatusResultMatchers.lambda$matcher$9(StatusResultMatchers.java:637)
	at org.springframework.test.web.servlet.MockMvc$1.andExpect(MockMvc.java:214)
	at com.internship.tool.controller.ItemControllerTest.testSearch_ReturnsOk(ItemControllerTest.java:127)
	at java.base/java.lang.reflect.Method.invoke(Method.java:569)
	at java.base/java.util.ArrayList.forEach(ArrayList.java:1511)
	at java.base/java.util.ArrayList.forEach(ArrayList.java:1511)
]]></failure>
    <system-out><![CDATA[2026-04-29T04:50:17.445-07:00  WARN 27828 --- [           main] .w.s.m.s.DefaultHandlerExceptionResolver : Resolved [org.springframework.http.converter.HttpMessageNotWritableException: Could not write JSON: (was java.lang.UnsupportedOperationException)]

MockHttpServletRequest:
      HTTP Method = GET
      Request URI = /api/items/search
       Parameters = {q=[Test], page=[0], size=[10], sortBy=[id], sortDir=[asc]}
          Headers = []
             Body = null
    Session Attrs = {SPRING_SECURITY_CONTEXT=SecurityContextImpl [Authentication=UsernamePasswordAuthenticationToken [Principal=org.springframework.security.core.userdetails.User [Username=user, Password=[PROTECTED], Enabled=true, AccountNonExpired=true, CredentialsNonExpired=true, AccountNonLocked=true, Granted Authorities=[ROLE_VIEWER]], Credentials=[PROTECTED], Authenticated=true, Details=null, Granted Authorities=[ROLE_VIEWER]]]}

Handler:
             Type = com.internship.tool.controller.ItemController
           Method = com.internship.tool.controller.ItemController#search(String, int, int, String, String)

Async:
    Async started = false
     Async result = null

Resolved Exception:
             Type = org.springframework.http.converter.HttpMessageNotWritableException

ModelAndView:
        View name = null
             View = null
            Model = null

FlashMap:
       Attributes = null

MockHttpServletResponse:
           Status = 500
    Error message = null
          Headers = [Vary:"Origin", "Access-Control-Request-Method", "Access-Control-Request-Headers", Content-Type:"application/json", X-Content-Type-Options:"nosniff", X-XSS-Protection:"0", Cache-Control:"no-cache, no-store, max-age=0, must-revalidate", Pragma:"no-cache", Expires:"0", X-Frame-Options:"DENY"]
     Content type = application/json
             Body = 
    Forwarded URL = null
   Redirected URL = null
          Cookies = []
]]></system-out>
  </testcase>
  <testcase name="testExportCsv_ReturnsOk" classname="com.internship.tool.controller.ItemControllerTest" time="0.068"/>
  <testcase name="testDelete_AsAdmin_ReturnsNoContent" classname="com.internship.tool.controller.ItemControllerTest" time="0.033"/>
  <testcase name="testGetAll_ReturnsOk" classname="com.internship.tool.controller.ItemControllerTest" time="0.045">
    <failure message="Status expected:&lt;200&gt; but was:&lt;500&gt;" type="java.lang.AssertionError"><![CDATA[java.lang.AssertionError: Status expected:<200> but was:<500>
	at org.springframework.test.util.AssertionErrors.fail(AssertionErrors.java:59)
	at org.springframework.test.util.AssertionErrors.assertEquals(AssertionErrors.java:122)
	at org.springframework.test.web.servlet.result.StatusResultMatchers.lambda$matcher$9(StatusResultMatchers.java:637)
	at org.springframework.test.web.servlet.MockMvc$1.andExpect(MockMvc.java:214)
	at com.internship.tool.controller.ItemControllerTest.testGetAll_ReturnsOk(ItemControllerTest.java:50)
	at java.base/java.lang.reflect.Method.invoke(Method.java:569)
	at java.base/java.util.ArrayList.forEach(ArrayList.java:1511)
	at java.base/java.util.ArrayList.forEach(ArrayList.java:1511)
]]></failure>
    <system-out><![CDATA[2026-04-29T04:50:17.641-07:00  WARN 27828 --- [           main] .w.s.m.s.DefaultHandlerExceptionResolver : Resolved [org.springframework.http.converter.HttpMessageNotWritableException: Could not write JSON: (was java.lang.UnsupportedOperationException)]

MockHttpServletRequest:
      HTTP Method = GET
      Request URI = /api/items
       Parameters = {page=[0], size=[10], sortBy=[id], sortDir=[asc]}
          Headers = []
             Body = null
    Session Attrs = {SPRING_SECURITY_CONTEXT=SecurityContextImpl [Authentication=UsernamePasswordAuthenticationToken [Principal=org.springframework.security.core.userdetails.User [Username=user, Password=[PROTECTED], Enabled=true, AccountNonExpired=true, CredentialsNonExpired=true, AccountNonLocked=true, Granted Authorities=[ROLE_ADMIN]], Credentials=[PROTECTED], Authenticated=true, Details=null, Granted Authorities=[ROLE_ADMIN]]]}

Handler:
             Type = com.internship.tool.controller.ItemController
           Method = com.internship.tool.controller.ItemController#getAll(int, int, String, String)

Async:
    Async started = false
     Async result = null

Resolved Exception:
             Type = org.springframework.http.converter.HttpMessageNotWritableException

ModelAndView:
        View name = null
             View = null
            Model = null

FlashMap:
       Attributes = null

MockHttpServletResponse:
           Status = 500
    Error message = null
          Headers = [Vary:"Origin", "Access-Control-Request-Method", "Access-Control-Request-Headers", Content-Type:"application/json", X-Content-Type-Options:"nosniff", X-XSS-Protection:"0", Cache-Control:"no-cache, no-store, max-age=0, must-revalidate", Pragma:"no-cache", Expires:"0", X-Frame-Options:"DENY"]
     Content type = application/json
             Body = 
    Forwarded URL = null
   Redirected URL = null
          Cookies = []
]]></system-out>
  </testcase>
  <testcase name="testGetById_ReturnsOk" classname="com.internship.tool.controller.ItemControllerTest" time="0.032"/>
  <testcase name="testDelete_AsManager_ReturnsForbidden" classname="com.internship.tool.controller.ItemControllerTest" time="0.028"/>
  <testcase name="testCreate_AsViewer_ReturnsForbidden" classname="com.internship.tool.controller.ItemControllerTest" time="0.024"/>
  <testcase name="testGetAll_Unauthenticated_ReturnsUnauthorized" classname="com.internship.tool.controller.ItemControllerTest" time="0.028">
    <failure message="Status expected:&lt;401&gt; but was:&lt;403&gt;" type="java.lang.AssertionError"><![CDATA[java.lang.AssertionError: Status expected:<401> but was:<403>
	at org.springframework.test.util.AssertionErrors.fail(AssertionErrors.java:59)
	at org.springframework.test.util.AssertionErrors.assertEquals(AssertionErrors.java:122)
	at org.springframework.test.web.servlet.result.StatusResultMatchers.lambda$matcher$9(StatusResultMatchers.java:637)
	at org.springframework.test.web.servlet.MockMvc$1.andExpect(MockMvc.java:214)
	at com.internship.tool.controller.ItemControllerTest.testGetAll_Unauthenticated_ReturnsUnauthorized(ItemControllerTest.java:143)
	at java.base/java.lang.reflect.Method.invoke(Method.java:569)
	at java.base/java.util.ArrayList.forEach(ArrayList.java:1511)
	at java.base/java.util.ArrayList.forEach(ArrayList.java:1511)
]]></failure>
    <system-out><![CDATA[
MockHttpServletRequest:
      HTTP Method = GET
      Request URI = /api/items
       Parameters = {}
          Headers = []
             Body = null
    Session Attrs = {SPRING_SECURITY_SAVED_REQUEST=DefaultSavedRequest [http://localhost/api/items?continue]}

Handler:
             Type = null

Async:
    Async started = false
     Async result = null

Resolved Exception:
             Type = null

ModelAndView:
        View name = null
             View = null
            Model = null

FlashMap:
       Attributes = null

MockHttpServletResponse:
           Status = 403
    Error message = Access Denied
          Headers = [Vary:"Origin", "Access-Control-Request-Method", "Access-Control-Request-Headers", X-Content-Type-Options:"nosniff", X-XSS-Protection:"0", Cache-Control:"no-cache, no-store, max-age=0, must-revalidate", Pragma:"no-cache", Expires:"0", X-Frame-Options:"DENY"]
     Content type = null
             Body = 
    Forwarded URL = null
   Redirected URL = null
          Cookies = []
]]></system-out>
  </testcase>
  <testcase name="testUpdate_AsManager_ReturnsOk" classname="com.internship.tool.controller.ItemControllerTest" time="0.037"/>
</testsuite>